<?xml version="1.0" encoding="UTF-8"?>
<!-- Generated by org.testng.reporters.JUnitXMLReporter -->
<testsuite ignored="0" hostname="DESKTOP-O037B5U" failures="0" tests="4" name="Default test" time="4.638" errors="0" timestamp="2022-08-05T16:04:52 IST">
  <testcase classname="Library.Addbook" name="addbook" time="3.584"/>
  <testcase classname="Library.Addbook" name="addbook" time="0.308"/>
  <testcase classname="Library.Addbook" name="addbook" time="0.32"/>
  <testcase classname="Library.Addbook" name="addbook" time="0.34"/>
</testsuite> <!-- Default test -->
