<?xml version="1.0" encoding="UTF-8"?>
<testng-results ignored="0" total="4" passed="4" failed="0" skipped="0">
  <reporter-output>
  </reporter-output>
  <suite started-at="2022-08-05T16:04:48 IST" name="Default suite" finished-at="2022-08-05T16:04:52 IST" duration-ms="4638">
    <groups>
    </groups>
    <test started-at="2022-08-05T16:04:48 IST" name="Default test" finished-at="2022-08-05T16:04:52 IST" duration-ms="4638">
      <class name="Library.Addbook">
        <test-method signature="addbook(java.lang.String,int)[pri:0, instance:Library.Addbook@fa49800]" started-at="2022-08-05T16:04:48 IST" name="addbook" data-provider="booksdata" finished-at="2022-08-05T16:04:51 IST" duration-ms="3584" status="PASS">
          <params>
            <param index="0">
              <value>
                <![CDATA[ab6cd]]>
              </value>
            </param>
            <param index="1">
              <value>
                <![CDATA[14234]]>
              </value>
            </param>
          </params>
          <reporter-output>
          </reporter-output>
        </test-method> <!-- addbook -->
        <test-method signature="addbook(java.lang.String,int)[pri:0, instance:Library.Addbook@fa49800]" started-at="2022-08-05T16:04:51 IST" name="addbook" data-provider="booksdata" finished-at="2022-08-05T16:04:52 IST" duration-ms="308" status="PASS">
          <params>
            <param index="0">
              <value>
                <![CDATA[pq6rt]]>
              </value>
            </param>
            <param index="1">
              <value>
                <![CDATA[34656]]>
              </value>
            </param>
          </params>
          <reporter-output>
          </reporter-output>
        </test-method> <!-- addbook -->
        <test-method signature="addbook(java.lang.String,int)[pri:0, instance:Library.Addbook@fa49800]" started-at="2022-08-05T16:04:52 IST" name="addbook" data-provider="booksdata" finished-at="2022-08-05T16:04:52 IST" duration-ms="320" status="PASS">
          <params>
            <param index="0">
              <value>
                <![CDATA[qw66r]]>
              </value>
            </param>
            <param index="1">
              <value>
                <![CDATA[4597]]>
              </value>
            </param>
          </params>
          <reporter-output>
          </reporter-output>
        </test-method> <!-- addbook -->
        <test-method signature="addbook(java.lang.String,int)[pri:0, instance:Library.Addbook@fa49800]" started-at="2022-08-05T16:04:52 IST" name="addbook" data-provider="booksdata" finished-at="2022-08-05T16:04:52 IST" duration-ms="340" status="PASS">
          <params>
            <param index="0">
              <value>
                <![CDATA[er6yty]]>
              </value>
            </param>
            <param index="1">
              <value>
                <![CDATA[8997]]>
              </value>
            </param>
          </params>
          <reporter-output>
          </reporter-output>
        </test-method> <!-- addbook -->
      </class> <!-- Library.Addbook -->
    </test> <!-- Default test -->
  </suite> <!-- Default suite -->
</testng-results>
